holdout_revenue_mae 745710.7804571324
holdout_cogs_mae 665828.0470934102
oof_revenue_mae 1152078.869449069
best_beta_diff_blend 0.6000000000000001
dynamic_multiplier_gamma 0.4

created submission_v18_dl_stack_raw.csv
sha256 f9e57f72eeabe286b17b174e0983b4822b284d94a88126510e1a3da0ce4a0f35
mean_revenue 5081781.093411574 mean_cogs 4455690.271212498 mean_ratio 0.876642351558776
mae_vs_g26_revenue 920697.6364032372 mae_vs_g26_cogs 812350.287260987 mae_vs_g26_ratio 0.021633796689799555

created submission_v18_dl_stack_anchor_a10.csv
sha256 ef49684a32ad6fc1a2ba713807ce70067e308311baff68bae487db9bf1abf488
mean_revenue 4321719.049405391 mean_cogs 3786894.2583105545 mean_ratio 0.8767763192029843
mae_vs_g26_revenue 92069.76364032384 mae_vs_g26_cogs 81239.1459018676 mae_vs_g26_ratio 0.002163379668979951

created submission_v18_dl_stack_anchor_a12.csv
sha256 fa4e2fc45d5f9a20d02be0fcac6e751547b9ed36ae09e68be35776f6259b4f70
mean_revenue 4338609.317049974 mean_cogs 3801758.737980808 mean_ratio 0.876773342144224
mae_vs_g26_revenue 110483.71636838847 mae_vs_g26_cogs 97486.8592714699 mae_vs_g26_ratio 0.0025960556027759536

created submission_v18_dl_stack_anchor_a15.csv
sha256 51b9b0b97913fe6ff2c8853a3d8ed6eeb74fdc292671e7ec8d15a0049a6cb861
mean_revenue 4363944.718516846 mean_cogs 3824055.2575387275 mean_ratio 0.8767688765560837
mae_vs_g26_revenue 138104.64546048548 mae_vs_g26_cogs 121858.3569441418 mae_vs_g26_ratio 0.003245069503469931

created submission_v18_dl_stack_anchor_a18.csv
sha256 6d85691945437955a244736eb3380978463689284b51ac3f1dd9ba6748bee4ca
mean_revenue 4389280.119983719 mean_cogs 3846351.537159695 mean_ratio 0.8767644109679436
mae_vs_g26_revenue 165725.5745525829 mae_vs_g26_cogs 146229.76775873595 mae_vs_g26_ratio 0.0038940834041639102

created submission_v18_dl_stack_anchor_a22.csv
sha256 608ec6939d6015943819e0ef4d19716131010aec2b21742ce367ba4197827819
mean_revenue 4423060.655272882 mean_cogs 3876079.536752388 mean_ratio 0.8767584568504232
mae_vs_g26_revenue 202553.4800087123 mae_vs_g26_cogs 178724.84706562807 mae_vs_g26_ratio 0.004759435271755879

created submission_v18_dl_stack_anchor_a25.csv
sha256 68c84f69f818da28b45d1ad9b9aca93dbae747a59433979e18734c81b7408859
mean_revenue 4448396.056739755 mean_cogs 3898375.2565204627 mean_ratio 0.8767539912622828
mae_vs_g26_revenue 230174.40910080928 mae_vs_g26_cogs 203096.05521137232 mae_vs_g26_ratio 0.005408449172449904

created submission_v18_dl_stack_anchor_a30.csv
sha256 f9dab094ab33df6642c20667dad0301bc7586d9ede1256d5b39efc5e51f370ac
mean_revenue 4490621.725851209 mean_cogs 3935534.256274023 mean_ratio 0.8767465486153824
mae_vs_g26_revenue 276209.29092097096 mae_vs_g26_cogs 243714.54243632802 mae_vs_g26_ratio 0.00649013900693988
