holdout_revenue_mae 552947.1914216045
holdout_cogs_mae 472604.1496560038
oof_revenue_mae 1366492.5454170315
best_beta_diff_blend 0.1
dynamic_multiplier_gamma 1.0

created submission_v18_dl_stack_raw.csv
sha256 209985c5958f50c1fc502d6729950bcf581361e7d98552c80aa24df2497fb8aa
mean_revenue 3379583.984044448 mean_cogs 3003457.196306582 mean_ratio 0.8878815922058139
mae_vs_g26_revenue 1028297.5017569563 mae_vs_g26_cogs 892788.7889053598 mae_vs_g26_ratio 0.0266372023598204

created submission_v18_dl_stack_anchor_a30.csv
sha256 4216d5a20edc0e559fd50ca9aab1c67a2a1923d4cffdd91da290cdc9c8a3523a
mean_revenue 3979962.593041071 mean_cogs 3501064.231199977 mean_ratio 0.8801183208094937
mae_vs_g26_revenue 308489.2505270871 mae_vs_g26_cogs 266232.7506356165 mae_vs_g26_ratio 0.007991160707946131

created submission_v18_dl_stack_anchor_a50.csv
sha256 2ae7b5aa82c8d9400d7b5bee02b6e5d7159c554868774d48bd3e40c4cac28096
mean_revenue 3808425.8476134646 mean_cogs 3359475.502202952 mean_ratio 0.8823363983512996
mae_vs_g26_revenue 514148.75087847805 mae_vs_g26_cogs 444484.1207134582 mae_vs_g26_ratio 0.013318601179910202

created submission_v18_dl_stack_anchor_a70.csv
sha256 9daeedcd6c81f019117da8b5f60135fe44fdc47f6cfa1e72fa815c2f2a90bde2
mean_revenue 3636889.1021858584 mean_cogs 3217419.005570771 mean_ratio 0.8845544758931053
mae_vs_g26_revenue 719808.2512298694 mae_vs_g26_cogs 623345.7865145785 mae_vs_g26_ratio 0.018646041651874282

created submission_v18_dl_stack_anchor_a100.csv
sha256 209985c5958f50c1fc502d6729950bcf581361e7d98552c80aa24df2497fb8aa
mean_revenue 3379583.984044448 mean_cogs 3003457.196306582 mean_ratio 0.8878815922058139
mae_vs_g26_revenue 1028297.5017569563 mae_vs_g26_cogs 892788.7889053598 mae_vs_g26_ratio 0.0266372023598204
