Traceback (most recent call last):
  File "/home/codespace/.python/current/lib/python3.12/site-packages/pandas/core/indexes/base.py", line 3641, in get_loc
    return self._engine.get_loc(casted_key)
           ^^^^^^^^^^^^^^^^^^^^^^^^^^^^^^^^
  File "pandas/_libs/index.pyx", line 168, in pandas._libs.index.IndexEngine.get_loc
  File "pandas/_libs/index.pyx", line 197, in pandas._libs.index.IndexEngine.get_loc
  File "pandas/_libs/hashtable_class_helper.pxi", line 7668, in pandas._libs.hashtable.PyObjectHashTable.get_item
  File "pandas/_libs/hashtable_class_helper.pxi", line 7676, in pandas._libs.hashtable.PyObjectHashTable.get_item
KeyError: 'rev_roll_mean_28'

The above exception was the direct cause of the following exception:

Traceback (most recent call last):
  File "/workspaces/Mouis_Datathon-2026/Data/model_v18_dl_stack.py", line 724, in <module>
    main()
  File "/workspaces/Mouis_Datathon-2026/Data/model_v18_dl_stack.py", line 605, in main
    lvl_oof_matrix, lvl_oof_y, lvl_oof_dates = build_oof_revenue_matrix(tr, build_revenue_level_frame, recursive_predict_revenue_level)
                                               ^^^^^^^^^^^^^^^^^^^^^^^^^^^^^^^^^^^^^^^^^^^^^^^^^^^^^^^^^^^^^^^^^^^^^^^^^^^^^^^^^^^^^^^^
  File "/workspaces/Mouis_Datathon-2026/Data/model_v18_dl_stack.py", line 498, in build_oof_revenue_matrix
    X_fold, y_fold, f_fold = frame_builder(fold_tr)
                             ^^^^^^^^^^^^^^^^^^^^^^
  File "/workspaces/Mouis_Datathon-2026/Data/model_v18_dl_stack.py", line 252, in build_revenue_level_frame
    feats["rev_mom_1_28"] = feats["rev_lag_1"] / (feats["rev_roll_mean_28"] + 1e-6)
                                                  ~~~~~^^^^^^^^^^^^^^^^^^^^
  File "/home/codespace/.python/current/lib/python3.12/site-packages/pandas/core/frame.py", line 4378, in __getitem__
    indexer = self.columns.get_loc(key)
              ^^^^^^^^^^^^^^^^^^^^^^^^^
  File "/home/codespace/.python/current/lib/python3.12/site-packages/pandas/core/indexes/base.py", line 3648, in get_loc
    raise KeyError(key) from err
KeyError: 'rev_roll_mean_28'
